{"numFailedTestSuites":0,"numFailedTests":0,"numPassedTestSuites":39,"numPassedTests":944,"numPendingTestSuites":0,"numPendingTests":1,"numRuntimeErrorTestSuites":0,"numTodoTests":0,"numTotalTestSuites":39,"numTotalTests":945,"openHandles":[],"snapshot":{"added":0,"didUpdate":false,"failure":false,"filesAdded":0,"filesRemoved":0,"filesRemovedList":[],"filesUnmatched":0,"filesUpdated":0,"matched":0,"total":0,"unchecked":0,"uncheckedKeysByFile":[],"unmatched":0,"updated":0},"startTime":1767486226033,"success":true,"testResults":[{"assertionResults":[{"ancestorTitles":["OperationPlanService","generatePlan"],"duration":34,"failureDetails":[],"failureMessages":[],"fullName":"OperationPlanService generatePlan should generate a plan successfully with OPTIMAL algorithm","invocations":1,"location":null,"numPassingAsserts":6,"retryReasons":[],"status":"passed","title":"should generate a plan successfully with OPTIMAL algorithm"},{"ancestorTitles":["OperationPlanService","generatePlan"],"duration":139,"failureDetails":[],"failureMessages":[],"fullName":"OperationPlanService generatePlan should throw error if APPROVED plan already exists for target date","invocations":1,"location":null,"numPassingAsserts":1,"retryReasons":[],"status":"passed","title":"should throw error if APPROVED plan already exists for target date"},{"ancestorTitles":["OperationPlanService","generatePlan"],"duration":3,"failureDetails":[],"failureMessages":[],"fullName":"OperationPlanService generatePlan should throw error if IN_EXECUTION plan already exists for target date","invocations":1,"location":null,"numPassingAsserts":1,"retryReasons":[],"status":"passed","title":"should throw error if IN_EXECUTION plan already exists for target date"},{"ancestorTitles":["OperationPlanService","generatePlan"],"duration":3,"failureDetails":[],"failureMessages":[],"fullName":"OperationPlanService generatePlan should throw error if no VVNs found for target date","invocations":1,"location":null,"numPassingAsserts":1,"retryReasons":[],"status":"passed","title":"should throw error if no VVNs found for target date"},{"ancestorTitles":["OperationPlanService","generatePlan"],"duration":23,"failureDetails":[],"failureMessages":[],"fullName":"OperationPlanService generatePlan should filter VVNs by specific vvnIds when provided","invocations":1,"location":null,"numPassingAsserts":2,"retryReasons":[],"status":"passed","title":"should filter VVNs by specific vvnIds when provided"},{"ancestorTitles":["OperationPlanService","generatePlan"],"duration":11,"failureDetails":[],"failureMessages":[],"fullName":"OperationPlanService generatePlan should calculate processing times correctly","invocations":1,"location":null,"numPassingAsserts":3,"retryReasons":[],"status":"passed","title":"should calculate processing times correctly"},{"ancestorTitles":["OperationPlanService","getPlanById"],"duration":3,"failureDetails":[],"failureMessages":[],"fullName":"OperationPlanService getPlanById should return plan DTO when plan exists","invocations":1,"location":null,"numPassingAsserts":3,"retryReasons":[],"status":"passed","title":"should return plan DTO when plan exists"},{"ancestorTitles":["OperationPlanService","getPlanById"],"duration":1,"failureDetails":[],"failureMessages":[],"fullName":"OperationPlanService getPlanById should return null when plan does not exist","invocations":1,"location":null,"numPassingAsserts":1,"retryReasons":[],"status":"passed","title":"should return null when plan does not exist"},{"ancestorTitles":["OperationPlanService","getAllPlans"],"duration":2,"failureDetails":[],"failureMessages":[],"fullName":"OperationPlanService getAllPlans should return all plans as DTOs","invocations":1,"location":null,"numPassingAsserts":3,"retryReasons":[],"status":"passed","title":"should return all plans as DTOs"},{"ancestorTitles":["OperationPlanService","getAllPlans"],"duration":1,"failureDetails":[],"failureMessages":[],"fullName":"OperationPlanService getAllPlans should return empty array when no plans exist","invocations":1,"location":null,"numPassingAsserts":1,"retryReasons":[],"status":"passed","title":"should return empty array when no plans exist"},{"ancestorTitles":["OperationPlanService","approvePlan"],"duration":2,"failureDetails":[],"failureMessages":[],"fullName":"OperationPlanService approvePlan should approve a plan successfully","invocations":1,"location":null,"numPassingAsserts":2,"retryReasons":[],"status":"passed","title":"should approve a plan successfully"},{"ancestorTitles":["OperationPlanService","approvePlan"],"duration":1,"failureDetails":[],"failureMessages":[],"fullName":"OperationPlanService approvePlan should throw error when plan not found","invocations":1,"location":null,"numPassingAsserts":1,"retryReasons":[],"status":"passed","title":"should throw error when plan not found"},{"ancestorTitles":["OperationPlanService","startExecution"],"duration":1,"failureDetails":[],"failureMessages":[],"fullName":"OperationPlanService startExecution should start execution of an approved plan","invocations":1,"location":null,"numPassingAsserts":2,"retryReasons":[],"status":"passed","title":"should start execution of an approved plan"},{"ancestorTitles":["OperationPlanService","startExecution"],"duration":1,"failureDetails":[],"failureMessages":[],"fullName":"OperationPlanService startExecution should throw error when plan not found","invocations":1,"location":null,"numPassingAsserts":1,"retryReasons":[],"status":"passed","title":"should throw error when plan not found"},{"ancestorTitles":["OperationPlanService","completePlan"],"duration":1,"failureDetails":[],"failureMessages":[],"fullName":"OperationPlanService completePlan should complete a plan in execution","invocations":1,"location":null,"numPassingAsserts":2,"retryReasons":[],"status":"passed","title":"should complete a plan in execution"},{"ancestorTitles":["OperationPlanService","completePlan"],"duration":3,"failureDetails":[],"failureMessages":[],"fullName":"OperationPlanService completePlan should throw error when plan not found","invocations":1,"location":null,"numPassingAsserts":1,"retryReasons":[],"status":"passed","title":"should throw error when plan not found"},{"ancestorTitles":["OperationPlanService","updateDockAssignment"],"duration":1,"failureDetails":[],"failureMessages":[],"fullName":"OperationPlanService updateDockAssignment should update dock assignment for an operation","invocations":1,"location":null,"numPassingAsserts":2,"retryReasons":[],"status":"passed","title":"should update dock assignment for an operation"},{"ancestorTitles":["OperationPlanService","updateDockAssignment"],"duration":8,"failureDetails":[],"failureMessages":[],"fullName":"OperationPlanService updateDockAssignment should throw error when VVN not found in plan","invocations":1,"location":null,"numPassingAsserts":1,"retryReasons":[],"status":"passed","title":"should throw error when VVN not found in plan"},{"ancestorTitles":["OperationPlanService","updateStaffAssignment"],"duration":2,"failureDetails":[],"failureMessages":[],"fullName":"OperationPlanService updateStaffAssignment should update staff assignment for an operation","invocations":1,"location":null,"numPassingAsserts":2,"retryReasons":[],"status":"passed","title":"should update staff assignment for an operation"},{"ancestorTitles":["OperationPlanService","updateStaffAssignment"],"duration":1,"failureDetails":[],"failureMessages":[],"fullName":"OperationPlanService updateStaffAssignment should throw error when plan not found","invocations":1,"location":null,"numPassingAsserts":1,"retryReasons":[],"status":"passed","title":"should throw error when plan not found"},{"ancestorTitles":["OperationPlanService","deletePlan"],"duration":3,"failureDetails":[],"failureMessages":[],"fullName":"OperationPlanService deletePlan should delete a draft plan","invocations":1,"location":null,"numPassingAsserts":1,"retryReasons":[],"status":"passed","title":"should delete a draft plan"},{"ancestorTitles":["OperationPlanService","deletePlan"],"duration":3,"failureDetails":[],"failureMessages":[],"fullName":"OperationPlanService deletePlan should throw error when trying to delete plan in execution","invocations":1,"location":null,"numPassingAsserts":1,"retryReasons":[],"status":"passed","title":"should throw error when trying to delete plan in execution"},{"ancestorTitles":["OperationPlanService","deletePlan"],"duration":1,"failureDetails":[],"failureMessages":[],"fullName":"OperationPlanService deletePlan should throw error when plan not found","invocations":1,"location":null,"numPassingAsserts":1,"retryReasons":[],"status":"passed","title":"should throw error when plan not found"}],"endTime":1767486237837,"message":"","name":"C:\\Users\\frsou\\OneDrive\\Documents\\ISEP\\2025-2026\\ARQSI\\PI\\LEI-SEM5-PI-2025-26-3DE-05\\backend-oem\\src\\application\\services\\integrationTests\\OperationPlanService.test.ts","startTime":1767486228485,"status":"passed","summary":""},{"assertionResults":[{"ancestorTitles":["US 4.1.1 - OperationPlan Domain Entity","Constructor and Validation"],"duration":47,"failureDetails":[],"failureMessages":[],"fullName":"US 4.1.1 - OperationPlan Domain Entity Constructor and Validation should create operation plan with valid data","invocations":1,"location":null,"numPassingAsserts":8,"retryReasons":[],"status":"passed","title":"should create operation plan with valid data"},{"ancestorTitles":["US 4.1.1 - OperationPlan Domain Entity","Constructor and Validation"],"duration":192,"failureDetails":[],"failureMessages":[],"fullName":"US 4.1.1 - OperationPlan Domain Entity Constructor and Validation should throw error if target date is missing","invocations":1,"location":null,"numPassingAsserts":1,"retryReasons":[],"status":"passed","title":"should throw error if target date is missing"},{"ancestorTitles":["US 4.1.1 - OperationPlan Domain Entity","Constructor and Validation"],"duration":4,"failureDetails":[],"failureMessages":[],"fullName":"US 4.1.1 - OperationPlan Domain Entity Constructor and Validation should throw error if algorithm is missing","invocations":1,"location":null,"numPassingAsserts":1,"retryReasons":[],"status":"passed","title":"should throw error if algorithm is missing"},{"ancestorTitles":["US 4.1.1 - OperationPlan Domain Entity","Constructor and Validation"],"duration":3,"failureDetails":[],"failureMessages":[],"fullName":"US 4.1.1 - OperationPlan Domain Entity Constructor and Validation should throw error if createdBy is missing","invocations":1,"location":null,"numPassingAsserts":1,"retryReasons":[],"status":"passed","title":"should throw error if createdBy is missing"},{"ancestorTitles":["US 4.1.1 - OperationPlan Domain Entity","Constructor and Validation"],"duration":2,"failureDetails":[],"failureMessages":[],"fullName":"US 4.1.1 - OperationPlan Domain Entity Constructor and Validation should throw error if total delay is negative","invocations":1,"location":null,"numPassingAsserts":1,"retryReasons":[],"status":"passed","title":"should throw error if total delay is negative"},{"ancestorTitles":["US 4.1.1 - OperationPlan Domain Entity","Constructor and Validation"],"duration":2,"failureDetails":[],"failureMessages":[],"fullName":"US 4.1.1 - OperationPlan Domain Entity Constructor and Validation should throw error if operations array is empty","invocations":1,"location":null,"numPassingAsserts":1,"retryReasons":[],"status":"passed","title":"should throw error if operations array is empty"},{"ancestorTitles":["US 4.1.1 - OperationPlan Domain Entity","Constructor and Validation"],"duration":2,"failureDetails":[],"failureMessages":[],"fullName":"US 4.1.1 - OperationPlan Domain Entity Constructor and Validation should throw error if target date is in the past","invocations":1,"location":null,"numPassingAsserts":1,"retryReasons":[],"status":"passed","title":"should throw error if target date is in the past"},{"ancestorTitles":["US 4.1.1 - OperationPlan Domain Entity","Constructor and Validation"],"duration":1,"failureDetails":[],"failureMessages":[],"fullName":"US 4.1.1 - OperationPlan Domain Entity Constructor and Validation should allow past date when loading existing plan from database","invocations":1,"location":null,"numPassingAsserts":1,"retryReasons":[],"status":"passed","title":"should allow past date when loading existing plan from database"},{"ancestorTitles":["US 4.1.1 - OperationPlan Domain Entity","Constructor and Validation"],"duration":1,"failureDetails":[],"failureMessages":[],"fullName":"US 4.1.1 - OperationPlan Domain Entity Constructor and Validation should create defensive copy of operations array","invocations":1,"location":null,"numPassingAsserts":1,"retryReasons":[],"status":"passed","title":"should create defensive copy of operations array"},{"ancestorTitles":["US 4.1.1 - OperationPlan Domain Entity","Constructor and Validation"],"duration":1,"failureDetails":[],"failureMessages":[],"fullName":"US 4.1.1 - OperationPlan Domain Entity Constructor and Validation should initialize audit log with creation entry for new plans","invocations":1,"location":null,"numPassingAsserts":3,"retryReasons":[],"status":"passed","title":"should initialize audit log with creation entry for new plans"},{"ancestorTitles":["US 4.1.1 - OperationPlan Domain Entity","Lifecycle State Transitions"],"duration":2,"failureDetails":[],"failureMessages":[],"fullName":"US 4.1.1 - OperationPlan Domain Entity Lifecycle State Transitions should transition from GENERATED to APPROVED","invocations":1,"location":null,"numPassingAsserts":2,"retryReasons":[],"status":"passed","title":"should transition from GENERATED to APPROVED"},{"ancestorTitles":["US 4.1.1 - OperationPlan Domain Entity","Lifecycle State Transitions"],"duration":3,"failureDetails":[],"failureMessages":[],"fullName":"US 4.1.1 - OperationPlan Domain Entity Lifecycle State Transitions should throw error when trying to approve non-GENERATED plan","invocations":1,"location":null,"numPassingAsserts":1,"retryReasons":[],"status":"passed","title":"should throw error when trying to approve non-GENERATED plan"},{"ancestorTitles":["US 4.1.1 - OperationPlan Domain Entity","Lifecycle State Transitions"],"duration":2,"failureDetails":[],"failureMessages":[],"fullName":"US 4.1.1 - OperationPlan Domain Entity Lifecycle State Transitions should transition from APPROVED to IN_EXECUTION","invocations":1,"location":null,"numPassingAsserts":1,"retryReasons":[],"status":"passed","title":"should transition from APPROVED to IN_EXECUTION"},{"ancestorTitles":["US 4.1.1 - OperationPlan Domain Entity","Lifecycle State Transitions"],"duration":2,"failureDetails":[],"failureMessages":[],"fullName":"US 4.1.1 - OperationPlan Domain Entity Lifecycle State Transitions should throw error when trying to start execution of non-APPROVED plan","invocations":1,"location":null,"numPassingAsserts":1,"retryReasons":[],"status":"passed","title":"should throw error when trying to start execution of non-APPROVED plan"},{"ancestorTitles":["US 4.1.1 - OperationPlan Domain Entity","Lifecycle State Transitions"],"duration":1,"failureDetails":[],"failureMessages":[],"fullName":"US 4.1.1 - OperationPlan Domain Entity Lifecycle State Transitions should transition from IN_EXECUTION to COMPLETED","invocations":1,"location":null,"numPassingAsserts":1,"retryReasons":[],"status":"passed","title":"should transition from IN_EXECUTION to COMPLETED"},{"ancestorTitles":["US 4.1.1 - OperationPlan Domain Entity","Lifecycle State Transitions"],"duration":1,"failureDetails":[],"failureMessages":[],"fullName":"US 4.1.1 - OperationPlan Domain Entity Lifecycle State Transitions should throw error when trying to complete non-IN_EXECUTION plan","invocations":1,"location":null,"numPassingAsserts":1,"retryReasons":[],"status":"passed","title":"should throw error when trying to complete non-IN_EXECUTION plan"},{"ancestorTitles":["US 4.1.1 - OperationPlan Domain Entity","Lifecycle State Transitions"],"duration":1,"failureDetails":[],"failureMessages":[],"fullName":"US 4.1.1 - OperationPlan Domain Entity Lifecycle State Transitions should mark GENERATED plan as OUTDATED","invocations":1,"location":null,"numPassingAsserts":1,"retryReasons":[],"status":"passed","title":"should mark GENERATED plan as OUTDATED"},{"ancestorTitles":["US 4.1.1 - OperationPlan Domain Entity","Lifecycle State Transitions"],"duration":1,"failureDetails":[],"failureMessages":[],"fullName":"US 4.1.1 - OperationPlan Domain Entity Lifecycle State Transitions should throw error when trying to mark IN_EXECUTION plan as outdated","invocations":1,"location":null,"numPassingAsserts":1,"retryReasons":[],"status":"passed","title":"should throw error when trying to mark IN_EXECUTION plan as outdated"},{"ancestorTitles":["US 4.1.1 - OperationPlan Domain Entity","Lifecycle State Transitions"],"duration":10,"failureDetails":[],"failureMessages":[],"fullName":"US 4.1.1 - OperationPlan Domain Entity Lifecycle State Transitions should throw error when trying to mark COMPLETED plan as outdated","invocations":1,"location":null,"numPassingAsserts":1,"retryReasons":[],"status":"passed","title":"should throw error when trying to mark COMPLETED plan as outdated"},{"ancestorTitles":["US 4.1.1 - OperationPlan Domain Entity","Operation Management"],"duration":2,"failureDetails":[],"failureMessages":[],"fullName":"US 4.1.1 - OperationPlan Domain Entity Operation Management should return read-only copy of operations","invocations":1,"location":null,"numPassingAsserts":2,"retryReasons":[],"status":"passed","title":"should return read-only copy of operations"},{"ancestorTitles":["US 4.1.1 - OperationPlan Domain Entity","Operation Management"],"duration":1,"failureDetails":[],"failureMessages":[],"fullName":"US 4.1.1 - OperationPlan Domain Entity Operation Management should find operation by VVN ID","invocations":1,"location":null,"numPassingAsserts":2,"retryReasons":[],"status":"passed","title":"should find operation by VVN ID"},{"ancestorTitles":["US 4.1.1 - OperationPlan Domain Entity","Operation Management"],"duration":0,"failureDetails":[],"failureMessages":[],"fullName":"US 4.1.1 - OperationPlan Domain Entity Operation Management should return undefined for non-existent VVN ID","invocations":1,"location":null,"numPassingAsserts":1,"retryReasons":[],"status":"passed","title":"should return undefined for non-existent VVN ID"},{"ancestorTitles":["US 4.1.1 - OperationPlan Domain Entity","Operation Management"],"duration":2,"failureDetails":[],"failureMessages":[],"fullName":"US 4.1.1 - OperationPlan Domain Entity Operation Management should return correct operation count","invocations":1,"location":null,"numPassingAsserts":1,"retryReasons":[],"status":"passed","title":"should return correct operation count"},{"ancestorTitles":["US 4.1.1 - OperationPlan Domain Entity","Operation Management"],"duration":1,"failureDetails":[],"failureMessages":[],"fullName":"US 4.1.1 - OperationPlan Domain Entity Operation Management should calculate total planned duration correctly","invocations":1,"location":null,"numPassingAsserts":1,"retryReasons":[],"status":"passed","title":"should calculate total planned duration correctly"},{"ancestorTitles":["US 4.1.1 - OperationPlan Domain Entity","Operation Management"],"duration":2,"failureDetails":[],"failureMessages":[],"fullName":"US 4.1.1 - OperationPlan Domain Entity Operation Management should return operations sorted by planned start time","invocations":1,"location":null,"numPassingAsserts":2,"retryReasons":[],"status":"passed","title":"should return operations sorted by planned start time"},{"ancestorTitles":["US 4.1.1 - OperationPlan Domain Entity","Operation Updates (US 4.1.4)"],"duration":1,"failureDetails":[],"failureMessages":[],"fullName":"US 4.1.1 - OperationPlan Domain Entity Operation Updates (US 4.1.4) should update dock assignment for GENERATED plan","invocations":1,"location":null,"numPassingAsserts":1,"retryReasons":[],"status":"passed","title":"should update dock assignment for GENERATED plan"},{"ancestorTitles":["US 4.1.1 - OperationPlan Domain Entity","Operation Updates (US 4.1.4)"],"duration":0,"failureDetails":[],"failureMessages":[],"fullName":"US 4.1.1 - OperationPlan Domain Entity Operation Updates (US 4.1.4) should update dock assignment for APPROVED plan","invocations":1,"location":null,"numPassingAsserts":1,"retryReasons":[],"status":"passed","title":"should update dock assignment for APPROVED plan"},{"ancestorTitles":["US 4.1.1 - OperationPlan Domain Entity","Operation Updates (US 4.1.4)"],"duration":2,"failureDetails":[],"failureMessages":[],"fullName":"US 4.1.1 - OperationPlan Domain Entity Operation Updates (US 4.1.4) should throw error when updating dock for IN_EXECUTION plan","invocations":1,"location":null,"numPassingAsserts":1,"retryReasons":[],"status":"passed","title":"should throw error when updating dock for IN_EXECUTION plan"},{"ancestorTitles":["US 4.1.1 - OperationPlan Domain Entity","Operation Updates (US 4.1.4)"],"duration":11,"failureDetails":[],"failureMessages":[],"fullName":"US 4.1.1 - OperationPlan Domain Entity Operation Updates (US 4.1.4) should throw error when updating non-existent operation","invocations":1,"location":null,"numPassingAsserts":1,"retryReasons":[],"status":"passed","title":"should throw error when updating non-existent operation"},{"ancestorTitles":["US 4.1.1 - OperationPlan Domain Entity","Operation Updates (US 4.1.4)"],"duration":1,"failureDetails":[],"failureMessages":[],"fullName":"US 4.1.1 - OperationPlan Domain Entity Operation Updates (US 4.1.4) should update staff assignment for operation","invocations":1,"location":null,"numPassingAsserts":1,"retryReasons":[],"status":"passed","title":"should update staff assignment for operation"},{"ancestorTitles":["US 4.1.1 - OperationPlan Domain Entity","Operation Updates (US 4.1.4)"],"duration":2,"failureDetails":[],"failureMessages":[],"fullName":"US 4.1.1 - OperationPlan Domain Entity Operation Updates (US 4.1.4) should update operation with audit logging","invocations":1,"location":null,"numPassingAsserts":8,"retryReasons":[],"status":"passed","title":"should update operation with audit logging"},{"ancestorTitles":["US 4.1.1 - OperationPlan Domain Entity","Operation Updates (US 4.1.4)"],"duration":4,"failureDetails":[],"failureMessages":[],"fullName":"US 4.1.1 - OperationPlan Domain Entity Operation Updates (US 4.1.4) should throw error if reason for change is not provided","invocations":1,"location":null,"numPassingAsserts":1,"retryReasons":[],"status":"passed","title":"should throw error if reason for change is not provided"},{"ancestorTitles":["US 4.1.1 - OperationPlan Domain Entity","Operation Updates (US 4.1.4)"],"duration":2,"failureDetails":[],"failureMessages":[],"fullName":"US 4.1.1 - OperationPlan Domain Entity Operation Updates (US 4.1.4) should throw error if trying to assign less than 1 crane","invocations":1,"location":null,"numPassingAsserts":1,"retryReasons":[],"status":"passed","title":"should throw error if trying to assign less than 1 crane"},{"ancestorTitles":["US 4.1.1 - OperationPlan Domain Entity","Status Checks and Helpers"],"duration":1,"failureDetails":[],"failureMessages":[],"fullName":"US 4.1.1 - OperationPlan Domain Entity Status Checks and Helpers should return true for isEditable when plan is GENERATED or APPROVED","invocations":1,"location":null,"numPassingAsserts":2,"retryReasons":[],"status":"passed","title":"should return true for isEditable when plan is GENERATED or APPROVED"},{"ancestorTitles":["US 4.1.1 - OperationPlan Domain Entity","Status Checks and Helpers"],"duration":1,"failureDetails":[],"failureMessages":[],"fullName":"US 4.1.1 - OperationPlan Domain Entity Status Checks and Helpers should return false for isEditable when plan is IN_EXECUTION or COMPLETED","invocations":1,"location":null,"numPassingAsserts":2,"retryReasons":[],"status":"passed","title":"should return false for isEditable when plan is IN_EXECUTION or COMPLETED"},{"ancestorTitles":["US 4.1.1 - OperationPlan Domain Entity","Status Checks and Helpers"],"duration":1,"failureDetails":[],"failureMessages":[],"fullName":"US 4.1.1 - OperationPlan Domain Entity Status Checks and Helpers should return true for isReadOnly when plan is COMPLETED or OUTDATED","invocations":1,"location":null,"numPassingAsserts":2,"retryReasons":[],"status":"passed","title":"should return true for isReadOnly when plan is COMPLETED or OUTDATED"},{"ancestorTitles":["US 4.1.1 - OperationPlan Domain Entity","Status Checks and Helpers"],"duration":2,"failureDetails":[],"failureMessages":[],"fullName":"US 4.1.1 - OperationPlan Domain Entity Status Checks and Helpers should check if all operations have dock assignments","invocations":1,"location":null,"numPassingAsserts":2,"retryReasons":[],"status":"passed","title":"should check if all operations have dock assignments"},{"ancestorTitles":["US 4.1.1 - OperationPlan Domain Entity","Status Checks and Helpers"],"duration":1,"failureDetails":[],"failureMessages":[],"fullName":"US 4.1.1 - OperationPlan Domain Entity Status Checks and Helpers should check if all operations have staff assignments","invocations":1,"location":null,"numPassingAsserts":2,"retryReasons":[],"status":"passed","title":"should check if all operations have staff assignments"},{"ancestorTitles":["US 4.1.1 - OperationPlan Domain Entity","Serialization"],"duration":43,"failureDetails":[],"failureMessages":[],"fullName":"US 4.1.1 - OperationPlan Domain Entity Serialization should convert to JSON correctly","invocations":1,"location":null,"numPassingAsserts":9,"retryReasons":[],"status":"passed","title":"should convert to JSON correctly"},{"ancestorTitles":["US 4.1.1 - OperationPlan Domain Entity","Serialization"],"duration":3,"failureDetails":[],"failureMessages":[],"fullName":"US 4.1.1 - OperationPlan Domain Entity Serialization should serialize dates as ISO strings","invocations":1,"location":null,"numPassingAsserts":3,"retryReasons":[],"status":"passed","title":"should serialize dates as ISO strings"},{"ancestorTitles":["US 4.1.1 - OperationPlan Domain Entity","Audit Log Management (US 4.1.4)"],"duration":2,"failureDetails":[],"failureMessages":[],"fullName":"US 4.1.1 - OperationPlan Domain Entity Audit Log Management (US 4.1.4) should return read-only copy of audit log","invocations":1,"location":null,"numPassingAsserts":1,"retryReasons":[],"status":"passed","title":"should return read-only copy of audit log"},{"ancestorTitles":["US 4.1.1 - OperationPlan Domain Entity","Audit Log Management (US 4.1.4)"],"duration":2,"failureDetails":[],"failureMessages":[],"fullName":"US 4.1.1 - OperationPlan Domain Entity Audit Log Management (US 4.1.4) should limit audit log to 100 entries","invocations":1,"location":null,"numPassingAsserts":1,"retryReasons":[],"status":"passed","title":"should limit audit log to 100 entries"}],"endTime":1767486237963,"message":"","name":"C:\\Users\\frsou\\OneDrive\\Documents\\ISEP\\2025-2026\\ARQSI\\PI\\LEI-SEM5-PI-2025-26-3DE-05\\backend-oem\\tests\\unitTests\\US4.1.1\\OperationPlan.test.ts","startTime":1767486228448,"status":"passed","summary":""},{"assertionResults":[{"ancestorTitles":["US 4.1.1 - PlannedOperation Value Object","constructor"],"duration":38,"failureDetails":[],"failureMessages":[],"fullName":"US 4.1.1 - PlannedOperation Value Object constructor should create a PlannedOperation with valid data","invocations":1,"location":null,"numPassingAsserts":8,"retryReasons":[],"status":"passed","title":"should create a PlannedOperation with valid data"},{"ancestorTitles":["US 4.1.1 - PlannedOperation Value Object","constructor"],"duration":89,"failureDetails":[],"failureMessages":[],"fullName":"US 4.1.1 - PlannedOperation Value Object constructor should throw error if plannedEnd is before plannedStart","invocations":1,"location":null,"numPassingAsserts":1,"retryReasons":[],"status":"passed","title":"should throw error if plannedEnd is before plannedStart"},{"ancestorTitles":["US 4.1.1 - PlannedOperation Value Object","constructor"],"duration":2,"failureDetails":[],"failureMessages":[],"fullName":"US 4.1.1 - PlannedOperation Value Object constructor should throw error if assignedCranes is less than 1","invocations":1,"location":null,"numPassingAsserts":1,"retryReasons":[],"status":"passed","title":"should throw error if assignedCranes is less than 1"},{"ancestorTitles":["US 4.1.1 - PlannedOperation Value Object","constructor"],"duration":8,"failureDetails":[],"failureMessages":[],"fullName":"US 4.1.1 - PlannedOperation Value Object constructor should accept operation without assignedDock","invocations":1,"location":null,"numPassingAsserts":1,"retryReasons":[],"status":"passed","title":"should accept operation without assignedDock"},{"ancestorTitles":["US 4.1.1 - PlannedOperation Value Object","constructor"],"duration":0,"failureDetails":[],"failureMessages":[],"fullName":"US 4.1.1 - PlannedOperation Value Object constructor should accept operation without assignedStaff","invocations":1,"location":null,"numPassingAsserts":1,"retryReasons":[],"status":"passed","title":"should accept operation without assignedStaff"},{"ancestorTitles":["US 4.1.1 - PlannedOperation Value Object","US 4.1.4 - withTimeWindow"],"duration":1,"failureDetails":[],"failureMessages":[],"fullName":"US 4.1.1 - PlannedOperation Value Object US 4.1.4 - withTimeWindow should create new PlannedOperation with updated time window","invocations":1,"location":null,"numPassingAsserts":5,"retryReasons":[],"status":"passed","title":"should create new PlannedOperation with updated time window"},{"ancestorTitles":["US 4.1.1 - PlannedOperation Value Object","US 4.1.4 - withTimeWindow"],"duration":2,"failureDetails":[],"failureMessages":[],"fullName":"US 4.1.1 - PlannedOperation Value Object US 4.1.4 - withTimeWindow should throw error if new end time is before start time","invocations":1,"location":null,"numPassingAsserts":1,"retryReasons":[],"status":"passed","title":"should throw error if new end time is before start time"},{"ancestorTitles":["US 4.1.1 - PlannedOperation Value Object","US 4.1.4 - withCranes"],"duration":1,"failureDetails":[],"failureMessages":[],"fullName":"US 4.1.1 - PlannedOperation Value Object US 4.1.4 - withCranes should create new PlannedOperation with updated crane count","invocations":1,"location":null,"numPassingAsserts":3,"retryReasons":[],"status":"passed","title":"should create new PlannedOperation with updated crane count"},{"ancestorTitles":["US 4.1.1 - PlannedOperation Value Object","US 4.1.4 - withCranes"],"duration":6,"failureDetails":[],"failureMessages":[],"fullName":"US 4.1.1 - PlannedOperation Value Object US 4.1.4 - withCranes should throw error if crane count is less than 1","invocations":1,"location":null,"numPassingAsserts":1,"retryReasons":[],"status":"passed","title":"should throw error if crane count is less than 1"},{"ancestorTitles":["US 4.1.1 - PlannedOperation Value Object","US 4.1.4 - withUpdates"],"duration":3,"failureDetails":[],"failureMessages":[],"fullName":"US 4.1.1 - PlannedOperation Value Object US 4.1.4 - withUpdates should update multiple fields at once","invocations":1,"location":null,"numPassingAsserts":6,"retryReasons":[],"status":"passed","title":"should update multiple fields at once"},{"ancestorTitles":["US 4.1.1 - PlannedOperation Value Object","US 4.1.4 - withUpdates"],"duration":1,"failureDetails":[],"failureMessages":[],"fullName":"US 4.1.1 - PlannedOperation Value Object US 4.1.4 - withUpdates should preserve original values for fields not being updated","invocations":1,"location":null,"numPassingAsserts":4,"retryReasons":[],"status":"passed","title":"should preserve original values for fields not being updated"},{"ancestorTitles":["US 4.1.1 - PlannedOperation Value Object","US 4.1.4 - withUpdates"],"duration":3,"failureDetails":[],"failureMessages":[],"fullName":"US 4.1.1 - PlannedOperation Value Object US 4.1.4 - withUpdates should validate time window when updating start/end times","invocations":1,"location":null,"numPassingAsserts":1,"retryReasons":[],"status":"passed","title":"should validate time window when updating start/end times"},{"ancestorTitles":["US 4.1.1 - PlannedOperation Value Object","US 4.1.4 - withUpdates"],"duration":2,"failureDetails":[],"failureMessages":[],"fullName":"US 4.1.1 - PlannedOperation Value Object US 4.1.4 - withUpdates should validate crane count when updating","invocations":1,"location":null,"numPassingAsserts":1,"retryReasons":[],"status":"passed","title":"should validate crane count when updating"}],"endTime":1767486238112,"message":"","name":"C:\\Users\\frsou\\OneDrive\\Documents\\ISEP\\2025-2026\\ARQSI\\PI\\LEI-SEM5-PI-2025-26-3DE-05\\backend-oem\\tests\\unitTests\\US4.1.1\\PlannedOperation.test.ts","startTime":1767486228847,"status":"passed","summary":""},{"assertionResults":[{"ancestorTitles":["US 4.1.1 - OperationPlanService","generatePlan"],"duration":106,"failureDetails":[],"failureMessages":[],"fullName":"US 4.1.1 - OperationPlanService generatePlan should generate a new operation plan successfully","invocations":1,"location":null,"numPassingAsserts":5,"retryReasons":[],"status":"passed","title":"should generate a new operation plan successfully"},{"ancestorTitles":["US 4.1.1 - OperationPlanService","generatePlan"],"duration":60,"failureDetails":[],"failureMessages":[],"fullName":"US 4.1.1 - OperationPlanService generatePlan should throw error if APPROVED plan already exists for date","invocations":1,"location":null,"numPassingAsserts":2,"retryReasons":[],"status":"passed","title":"should throw error if APPROVED plan already exists for date"},{"ancestorTitles":["US 4.1.1 - OperationPlanService","generatePlan"],"duration":4,"failureDetails":[],"failureMessages":[],"fullName":"US 4.1.1 - OperationPlanService generatePlan should throw error if IN_EXECUTION plan already exists for date","invocations":1,"location":null,"numPassingAsserts":1,"retryReasons":[],"status":"passed","title":"should throw error if IN_EXECUTION plan already exists for date"},{"ancestorTitles":["US 4.1.1 - OperationPlanService","generatePlan"],"duration":35,"failureDetails":[],"failureMessages":[],"fullName":"US 4.1.1 - OperationPlanService generatePlan should allow regenerating plan if existing plan is GENERATED","invocations":1,"location":null,"numPassingAsserts":2,"retryReasons":[],"status":"passed","title":"should allow regenerating plan if existing plan is GENERATED"},{"ancestorTitles":["US 4.1.1 - OperationPlanService","generatePlan"],"duration":5,"failureDetails":[],"failureMessages":[],"fullName":"US 4.1.1 - OperationPlanService generatePlan should throw error if no approved VVNs found","invocations":1,"location":null,"numPassingAsserts":2,"retryReasons":[],"status":"passed","title":"should throw error if no approved VVNs found"},{"ancestorTitles":["US 4.1.1 - OperationPlanService","generatePlan"],"duration":null,"failureDetails":[],"failureMessages":[],"fullName":"US 4.1.1 - OperationPlanService generatePlan should use mock VVNs when USE_MOCK_VVNS is true","invocations":1,"location":null,"numPassingAsserts":0,"retryReasons":[],"status":"pending","title":"should use mock VVNs when USE_MOCK_VVNS is true"},{"ancestorTitles":["US 4.1.1 - OperationPlanService","approvePlan"],"duration":7,"failureDetails":[],"failureMessages":[],"fullName":"US 4.1.1 - OperationPlanService approvePlan should approve a GENERATED plan","invocations":1,"location":null,"numPassingAsserts":2,"retryReasons":[],"status":"passed","title":"should approve a GENERATED plan"},{"ancestorTitles":["US 4.1.1 - OperationPlanService","approvePlan"],"duration":2,"failureDetails":[],"failureMessages":[],"fullName":"US 4.1.1 - OperationPlanService approvePlan should throw error if plan not found","invocations":1,"location":null,"numPassingAsserts":1,"retryReasons":[],"status":"passed","title":"should throw error if plan not found"},{"ancestorTitles":["US 4.1.1 - OperationPlanService","deletePlan"],"duration":13,"failureDetails":[],"failureMessages":[],"fullName":"US 4.1.1 - OperationPlanService deletePlan should delete a GENERATED plan","invocations":1,"location":null,"numPassingAsserts":1,"retryReasons":[],"status":"passed","title":"should delete a GENERATED plan"},{"ancestorTitles":["US 4.1.1 - OperationPlanService","deletePlan"],"duration":3,"failureDetails":[],"failureMessages":[],"fullName":"US 4.1.1 - OperationPlanService deletePlan should throw error if trying to delete non-GENERATED plan","invocations":1,"location":null,"numPassingAsserts":2,"retryReasons":[],"status":"passed","title":"should throw error if trying to delete non-GENERATED plan"},{"ancestorTitles":["US 4.1.1 - OperationPlanService","getPlanById"],"duration":1,"failureDetails":[],"failureMessages":[],"fullName":"US 4.1.1 - OperationPlanService getPlanById should return plan if found","invocations":1,"location":null,"numPassingAsserts":2,"retryReasons":[],"status":"passed","title":"should return plan if found"},{"ancestorTitles":["US 4.1.1 - OperationPlanService","getPlanById"],"duration":2,"failureDetails":[],"failureMessages":[],"fullName":"US 4.1.1 - OperationPlanService getPlanById should return null if plan not found","invocations":1,"location":null,"numPassingAsserts":1,"retryReasons":[],"status":"passed","title":"should return null if plan not found"}],"endTime":1767486239125,"message":"","name":"C:\\Users\\frsou\\OneDrive\\Documents\\ISEP\\2025-2026\\ARQSI\\PI\\LEI-SEM5-PI-2025-26-3DE-05\\backend-oem\\tests\\unitTests\\US4.1.1\\OperationPlanService.test.ts","startTime":1767486228745,"status":"focused","summary":""},{"assertionResults":[{"ancestorTitles":["TaskCategoryController","createTaskCategory"],"duration":139,"failureDetails":[],"failureMessages":[],"fullName":"TaskCategoryController createTaskCategory should create task category and return 201 status","invocations":1,"location":null,"numPassingAsserts":4,"retryReasons":[],"status":"passed","title":"should create task category and return 201 status"},{"ancestorTitles":["TaskCategoryController","createTaskCategory"],"duration":7,"failureDetails":[],"failureMessages":[],"fullName":"TaskCategoryController createTaskCategory should create category with minimal fields","invocations":1,"location":null,"numPassingAsserts":2,"retryReasons":[],"status":"passed","title":"should create category with minimal fields"},{"ancestorTitles":["TaskCategoryController","createTaskCategory"],"duration":23,"failureDetails":[],"failureMessages":[],"fullName":"TaskCategoryController createTaskCategory should call next with error on service failure","invocations":1,"location":null,"numPassingAsserts":2,"retryReasons":[],"status":"passed","title":"should call next with error on service failure"},{"ancestorTitles":["TaskCategoryController","getTaskCategoryById"],"duration":13,"failureDetails":[],"failureMessages":[],"fullName":"TaskCategoryController getTaskCategoryById should return task category when found","invocations":1,"location":null,"numPassingAsserts":2,"retryReasons":[],"status":"passed","title":"should return task category when found"},{"ancestorTitles":["TaskCategoryController","getTaskCategoryById"],"duration":8,"failureDetails":[],"failureMessages":[],"fullName":"TaskCategoryController getTaskCategoryById should call next with error when service fails","invocations":1,"location":null,"numPassingAsserts":1,"retryReasons":[],"status":"passed","title":"should call next with error when service fails"},{"ancestorTitles":["TaskCategoryController","getTaskCategoryByCode"],"duration":17,"failureDetails":[],"failureMessages":[],"fullName":"TaskCategoryController getTaskCategoryByCode should return task category when code found","invocations":1,"location":null,"numPassingAsserts":2,"retryReasons":[],"status":"passed","title":"should return task category when code found"},{"ancestorTitles":["TaskCategoryController","getTaskCategoryByCode"],"duration":4,"failureDetails":[],"failureMessages":[],"fullName":"TaskCategoryController getTaskCategoryByCode should call next with error when code not found","invocations":1,"location":null,"numPassingAsserts":1,"retryReasons":[],"status":"passed","title":"should call next with error when code not found"},{"ancestorTitles":["TaskCategoryController","listTaskCategories"],"duration":8,"failureDetails":[],"failureMessages":[],"fullName":"TaskCategoryController listTaskCategories should list all categories when activeOnly not specified","invocations":1,"location":null,"numPassingAsserts":2,"retryReasons":[],"status":"passed","title":"should list all categories when activeOnly not specified"},{"ancestorTitles":["TaskCategoryController","listTaskCategories"],"duration":3,"failureDetails":[],"failureMessages":[],"fullName":"TaskCategoryController listTaskCategories should list only active categories when activeOnly=true","invocations":1,"location":null,"numPassingAsserts":2,"retryReasons":[],"status":"passed","title":"should list only active categories when activeOnly=true"},{"ancestorTitles":["TaskCategoryController","listTaskCategories"],"duration":2,"failureDetails":[],"failureMessages":[],"fullName":"TaskCategoryController listTaskCategories should pass sorting options to service","invocations":1,"location":null,"numPassingAsserts":1,"retryReasons":[],"status":"passed","title":"should pass sorting options to service"},{"ancestorTitles":["TaskCategoryController","listTaskCategories"],"duration":2,"failureDetails":[],"failureMessages":[],"fullName":"TaskCategoryController listTaskCategories should handle empty result","invocations":1,"location":null,"numPassingAsserts":1,"retryReasons":[],"status":"passed","title":"should handle empty result"},{"ancestorTitles":["TaskCategoryController","listTaskCategories"],"duration":1,"failureDetails":[],"failureMessages":[],"fullName":"TaskCategoryController listTaskCategories should call next with error on service failure","invocations":1,"location":null,"numPassingAsserts":1,"retryReasons":[],"status":"passed","title":"should call next with error on service failure"},{"ancestorTitles":["TaskCategoryController","updateTaskCategory"],"duration":7,"failureDetails":[],"failureMessages":[],"fullName":"TaskCategoryController updateTaskCategory should update task category successfully","invocations":1,"location":null,"numPassingAsserts":2,"retryReasons":[],"status":"passed","title":"should update task category successfully"},{"ancestorTitles":["TaskCategoryController","updateTaskCategory"],"duration":7,"failureDetails":[],"failureMessages":[],"fullName":"TaskCategoryController updateTaskCategory should handle partial updates","invocations":1,"location":null,"numPassingAsserts":1,"retryReasons":[],"status":"passed","title":"should handle partial updates"},{"ancestorTitles":["TaskCategoryController","updateTaskCategory"],"duration":5,"failureDetails":[],"failureMessages":[],"fullName":"TaskCategoryController updateTaskCategory should call next with error on service failure","invocations":1,"location":null,"numPassingAsserts":1,"retryReasons":[],"status":"passed","title":"should call next with error on service failure"},{"ancestorTitles":["TaskCategoryController","deactivateTaskCategory"],"duration":12,"failureDetails":[],"failureMessages":[],"fullName":"TaskCategoryController deactivateTaskCategory should deactivate task category successfully","invocations":1,"location":null,"numPassingAsserts":2,"retryReasons":[],"status":"passed","title":"should deactivate task category successfully"},{"ancestorTitles":["TaskCategoryController","deactivateTaskCategory"],"duration":5,"failureDetails":[],"failureMessages":[],"fullName":"TaskCategoryController deactivateTaskCategory should call next with error when category in use","invocations":1,"location":null,"numPassingAsserts":1,"retryReasons":[],"status":"passed","title":"should call next with error when category in use"},{"ancestorTitles":["TaskCategoryController","reactivateTaskCategory"],"duration":8,"failureDetails":[],"failureMessages":[],"fullName":"TaskCategoryController reactivateTaskCategory should reactivate task category successfully","invocations":1,"location":null,"numPassingAsserts":2,"retryReasons":[],"status":"passed","title":"should reactivate task category successfully"},{"ancestorTitles":["TaskCategoryController","reactivateTaskCategory"],"duration":3,"failureDetails":[],"failureMessages":[],"fullName":"TaskCategoryController reactivateTaskCategory should call next with error on service failure","invocations":1,"location":null,"numPassingAsserts":1,"retryReasons":[],"status":"passed","title":"should call next with error on service failure"},{"ancestorTitles":["TaskCategoryController","deleteTaskCategory"],"duration":5,"failureDetails":[],"failureMessages":[],"fullName":"TaskCategoryController deleteTaskCategory should delete task category successfully","invocations":1,"location":null,"numPassingAsserts":2,"retryReasons":[],"status":"passed","title":"should delete task category successfully"},{"ancestorTitles":["TaskCategoryController","deleteTaskCategory"],"duration":3,"failureDetails":[],"failureMessages":[],"fullName":"TaskCategoryController deleteTaskCategory should call next with error when category in use","invocations":1,"location":null,"numPassingAsserts":1,"retryReasons":[],"status":"passed","title":"should call next with error when category in use"},{"ancestorTitles":["TaskCategoryController","deleteTaskCategory"],"duration":6,"failureDetails":[],"failureMessages":[],"fullName":"TaskCategoryController deleteTaskCategory should call next with error when category not found","invocations":1,"location":null,"numPassingAsserts":1,"retryReasons":[],"status":"passed","title":"should call next with error when category not found"},{"ancestorTitles":["TaskCategoryController","getTaskCategoryCount"],"duration":4,"failureDetails":[],"failureMessages":[],"fullName":"TaskCategoryController getTaskCategoryCount should return total count","invocations":1,"location":null,"numPassingAsserts":2,"retryReasons":[],"status":"passed","title":"should return total count"},{"ancestorTitles":["TaskCategoryController","getTaskCategoryCount"],"duration":3,"failureDetails":[],"failureMessages":[],"fullName":"TaskCategoryController getTaskCategoryCount should return active count when activeOnly=true","invocations":1,"location":null,"numPassingAsserts":2,"retryReasons":[],"status":"passed","title":"should return active count when activeOnly=true"},{"ancestorTitles":["TaskCategoryController","getTaskCategoryCount"],"duration":37,"failureDetails":[],"failureMessages":[],"fullName":"TaskCategoryController getTaskCategoryCount should handle errors","invocations":1,"location":null,"numPassingAsserts":1,"retryReasons":[],"status":"passed","title":"should handle errors"},{"ancestorTitles":["TaskCategoryController","request validation"],"duration":3,"failureDetails":[],"failureMessages":[],"fullName":"TaskCategoryController request validation should handle missing parameters gracefully","invocations":1,"location":null,"numPassingAsserts":1,"retryReasons":[],"status":"passed","title":"should handle missing parameters gracefully"},{"ancestorTitles":["TaskCategoryController","request validation"],"duration":2,"failureDetails":[],"failureMessages":[],"fullName":"TaskCategoryController request validation should pass through all query parameters for sorting","invocations":1,"location":null,"numPassingAsserts":1,"retryReasons":[],"status":"passed","title":"should pass through all query parameters for sorting"},{"ancestorTitles":["TaskCategoryController","response formatting"],"duration":4,"failureDetails":[],"failureMessages":[],"fullName":"TaskCategoryController response formatting should return consistent success response format","invocations":1,"location":null,"numPassingAsserts":3,"retryReasons":[],"status":"passed","title":"should return consistent success response format"},{"ancestorTitles":["TaskCategoryController","response formatting"],"duration":2,"failureDetails":[],"failureMessages":[],"fullName":"TaskCategoryController response formatting should include count in list responses","invocations":1,"location":null,"numPassingAsserts":3,"retryReasons":[],"status":"passed","title":"should include count in list responses"}],"endTime":1767486239273,"message":"","name":"C:\\Users\\frsou\\OneDrive\\Documents\\ISEP\\2025-2026\\ARQSI\\PI\\LEI-SEM5-PI-2025-26-3DE-05\\backend-oem\\tests\\unitTests\\US4.1.14\\TaskCategoryController.test.ts","startTime":1767486237980,"status":"passed","summary":""},{"assertionResults":[{"ancestorTitles":["TaskCategoryService","createTaskCategory"],"duration":68,"failureDetails":[],"failureMessages":[],"fullName":"TaskCategoryService createTaskCategory should create task category with auto-generated code","invocations":1,"location":null,"numPassingAsserts":6,"retryReasons":[],"status":"passed","title":"should create task category with auto-generated code"},{"ancestorTitles":["TaskCategoryService","createTaskCategory"],"duration":5,"failureDetails":[],"failureMessages":[],"fullName":"TaskCategoryService createTaskCategory should generate sequential codes (CTC001, CTC002, etc.)","invocations":1,"location":null,"numPassingAsserts":2,"retryReasons":[],"status":"passed","title":"should generate sequential codes (CTC001, CTC002, etc.)"},{"ancestorTitles":["TaskCategoryService","createTaskCategory"],"duration":67,"failureDetails":[],"failureMessages":[],"fullName":"TaskCategoryService createTaskCategory should throw error when category name already exists","invocations":1,"location":null,"numPassingAsserts":2,"retryReasons":[],"status":"passed","title":"should throw error when category name already exists"},{"ancestorTitles":["TaskCategoryService","createTaskCategory"],"duration":3,"failureDetails":[],"failureMessages":[],"fullName":"TaskCategoryService createTaskCategory should create category with optional fields","invocations":1,"location":null,"numPassingAsserts":2,"retryReasons":[],"status":"passed","title":"should create category with optional fields"},{"ancestorTitles":["TaskCategoryService","createTaskCategory"],"duration":8,"failureDetails":[],"failureMessages":[],"fullName":"TaskCategoryService createTaskCategory should create category without optional fields","invocations":1,"location":null,"numPassingAsserts":2,"retryReasons":[],"status":"passed","title":"should create category without optional fields"},{"ancestorTitles":["TaskCategoryService","getTaskCategoryById"],"duration":3,"failureDetails":[],"failureMessages":[],"fullName":"TaskCategoryService getTaskCategoryById should retrieve task category by ID","invocations":1,"location":null,"numPassingAsserts":3,"retryReasons":[],"status":"passed","title":"should retrieve task category by ID"},{"ancestorTitles":["TaskCategoryService","getTaskCategoryById"],"duration":3,"failureDetails":[],"failureMessages":[],"fullName":"TaskCategoryService getTaskCategoryById should throw error when category not found","invocations":1,"location":null,"numPassingAsserts":1,"retryReasons":[],"status":"passed","title":"should throw error when category not found"},{"ancestorTitles":["TaskCategoryService","getTaskCategoryByCode"],"duration":2,"failureDetails":[],"failureMessages":[],"fullName":"TaskCategoryService getTaskCategoryByCode should retrieve task category by code","invocations":1,"location":null,"numPassingAsserts":2,"retryReasons":[],"status":"passed","title":"should retrieve task category by code"},{"ancestorTitles":["TaskCategoryService","getTaskCategoryByCode"],"duration":24,"failureDetails":[],"failureMessages":[],"fullName":"TaskCategoryService getTaskCategoryByCode should throw error when code not found","invocations":1,"location":null,"numPassingAsserts":1,"retryReasons":[],"status":"passed","title":"should throw error when code not found"},{"ancestorTitles":["TaskCategoryService","listAllTaskCategories"],"duration":2,"failureDetails":[],"failureMessages":[],"fullName":"TaskCategoryService listAllTaskCategories should list all categories","invocations":1,"location":null,"numPassingAsserts":4,"retryReasons":[],"status":"passed","title":"should list all categories"},{"ancestorTitles":["TaskCategoryService","listAllTaskCategories"],"duration":1,"failureDetails":[],"failureMessages":[],"fullName":"TaskCategoryService listAllTaskCategories should support query options","invocations":1,"location":null,"numPassingAsserts":1,"retryReasons":[],"status":"passed","title":"should support query options"},{"ancestorTitles":["TaskCategoryService","listAllTaskCategories"],"duration":1,"failureDetails":[],"failureMessages":[],"fullName":"TaskCategoryService listAllTaskCategories should return empty array when no categories exist","invocations":1,"location":null,"numPassingAsserts":1,"retryReasons":[],"status":"passed","title":"should return empty array when no categories exist"},{"ancestorTitles":["TaskCategoryService","listActiveTaskCategories"],"duration":2,"failureDetails":[],"failureMessages":[],"fullName":"TaskCategoryService listActiveTaskCategories should list only active categories","invocations":1,"location":null,"numPassingAsserts":3,"retryReasons":[],"status":"passed","title":"should list only active categories"},{"ancestorTitles":["TaskCategoryService","listActiveTaskCategories"],"duration":1,"failureDetails":[],"failureMessages":[],"fullName":"TaskCategoryService listActiveTaskCategories should not include deactivated categories","invocations":1,"location":null,"numPassingAsserts":1,"retryReasons":[],"status":"passed","title":"should not include deactivated categories"},{"ancestorTitles":["TaskCategoryService","updateTaskCategory"],"duration":9,"failureDetails":[],"failureMessages":[],"fullName":"TaskCategoryService updateTaskCategory should update category name","invocations":1,"location":null,"numPassingAsserts":4,"retryReasons":[],"status":"passed","title":"should update category name"},{"ancestorTitles":["TaskCategoryService","updateTaskCategory"],"duration":29,"failureDetails":[],"failureMessages":[],"fullName":"TaskCategoryService updateTaskCategory should update description","invocations":1,"location":null,"numPassingAsserts":1,"retryReasons":[],"status":"passed","title":"should update description"},{"ancestorTitles":["TaskCategoryService","updateTaskCategory"],"duration":2,"failureDetails":[],"failureMessages":[],"fullName":"TaskCategoryService updateTaskCategory should update default duration","invocations":1,"location":null,"numPassingAsserts":1,"retryReasons":[],"status":"passed","title":"should update default duration"},{"ancestorTitles":["TaskCategoryService","updateTaskCategory"],"duration":3,"failureDetails":[],"failureMessages":[],"fullName":"TaskCategoryService updateTaskCategory should update expected impact","invocations":1,"location":null,"numPassingAsserts":1,"retryReasons":[],"status":"passed","title":"should update expected impact"},{"ancestorTitles":["TaskCategoryService","updateTaskCategory"],"duration":6,"failureDetails":[],"failureMessages":[],"fullName":"TaskCategoryService updateTaskCategory should update multiple fields at once","invocations":1,"location":null,"numPassingAsserts":1,"retryReasons":[],"status":"passed","title":"should update multiple fields at once"},{"ancestorTitles":["TaskCategoryService","updateTaskCategory"],"duration":4,"failureDetails":[],"failureMessages":[],"fullName":"TaskCategoryService updateTaskCategory should throw error when updating non-existent category","invocations":1,"location":null,"numPassingAsserts":1,"retryReasons":[],"status":"passed","title":"should throw error when updating non-existent category"},{"ancestorTitles":["TaskCategoryService","updateTaskCategory"],"duration":5,"failureDetails":[],"failureMessages":[],"fullName":"TaskCategoryService updateTaskCategory should throw error when new name already exists","invocations":1,"location":null,"numPassingAsserts":1,"retryReasons":[],"status":"passed","title":"should throw error when new name already exists"},{"ancestorTitles":["TaskCategoryService","updateTaskCategory"],"duration":4,"failureDetails":[],"failureMessages":[],"fullName":"TaskCategoryService updateTaskCategory should not check name uniqueness when name not changing","invocations":1,"location":null,"numPassingAsserts":1,"retryReasons":[],"status":"passed","title":"should not check name uniqueness when name not changing"},{"ancestorTitles":["TaskCategoryService","deactivateTaskCategory"],"duration":3,"failureDetails":[],"failureMessages":[],"fullName":"TaskCategoryService deactivateTaskCategory should deactivate category not used in tasks","invocations":1,"location":null,"numPassingAsserts":3,"retryReasons":[],"status":"passed","title":"should deactivate category not used in tasks"},{"ancestorTitles":["TaskCategoryService","deactivateTaskCategory"],"duration":2,"failureDetails":[],"failureMessages":[],"fullName":"TaskCategoryService deactivateTaskCategory should throw error when category is used in tasks","invocations":1,"location":null,"numPassingAsserts":2,"retryReasons":[],"status":"passed","title":"should throw error when category is used in tasks"},{"ancestorTitles":["TaskCategoryService","deactivateTaskCategory"],"duration":2,"failureDetails":[],"failureMessages":[],"fullName":"TaskCategoryService deactivateTaskCategory should throw error when category not found","invocations":1,"location":null,"numPassingAsserts":1,"retryReasons":[],"status":"passed","title":"should throw error when category not found"},{"ancestorTitles":["TaskCategoryService","reactivateTaskCategory"],"duration":5,"failureDetails":[],"failureMessages":[],"fullName":"TaskCategoryService reactivateTaskCategory should reactivate deactivated category","invocations":1,"location":null,"numPassingAsserts":2,"retryReasons":[],"status":"passed","title":"should reactivate deactivated category"},{"ancestorTitles":["TaskCategoryService","reactivateTaskCategory"],"duration":2,"failureDetails":[],"failureMessages":[],"fullName":"TaskCategoryService reactivateTaskCategory should throw error when category not found","invocations":1,"location":null,"numPassingAsserts":1,"retryReasons":[],"status":"passed","title":"should throw error when category not found"},{"ancestorTitles":["TaskCategoryService","deleteTaskCategory"],"duration":3,"failureDetails":[],"failureMessages":[],"fullName":"TaskCategoryService deleteTaskCategory should delete category not used in tasks","invocations":1,"location":null,"numPassingAsserts":2,"retryReasons":[],"status":"passed","title":"should delete category not used in tasks"},{"ancestorTitles":["TaskCategoryService","deleteTaskCategory"],"duration":3,"failureDetails":[],"failureMessages":[],"fullName":"TaskCategoryService deleteTaskCategory should throw error when category is used in tasks","invocations":1,"location":null,"numPassingAsserts":2,"retryReasons":[],"status":"passed","title":"should throw error when category is used in tasks"},{"ancestorTitles":["TaskCategoryService","deleteTaskCategory"],"duration":2,"failureDetails":[],"failureMessages":[],"fullName":"TaskCategoryService deleteTaskCategory should throw error when category not found","invocations":1,"location":null,"numPassingAsserts":1,"retryReasons":[],"status":"passed","title":"should throw error when category not found"},{"ancestorTitles":["TaskCategoryService","getTaskCategoryCount"],"duration":3,"failureDetails":[],"failureMessages":[],"fullName":"TaskCategoryService getTaskCategoryCount should get total count of all categories","invocations":1,"location":null,"numPassingAsserts":2,"retryReasons":[],"status":"passed","title":"should get total count of all categories"},{"ancestorTitles":["TaskCategoryService","getTaskCategoryCount"],"duration":4,"failureDetails":[],"failureMessages":[],"fullName":"TaskCategoryService getTaskCategoryCount should get count of active categories only","invocations":1,"location":null,"numPassingAsserts":2,"retryReasons":[],"status":"passed","title":"should get count of active categories only"},{"ancestorTitles":["TaskCategoryService","DTO conversion"],"duration":29,"failureDetails":[],"failureMessages":[],"fullName":"TaskCategoryService DTO conversion should convert category to DTO with all fields","invocations":1,"location":null,"numPassingAsserts":9,"retryReasons":[],"status":"passed","title":"should convert category to DTO with all fields"},{"ancestorTitles":["TaskCategoryService","DTO conversion"],"duration":1,"failureDetails":[],"failureMessages":[],"fullName":"TaskCategoryService DTO conversion should convert category with optional fields as undefined","invocations":1,"location":null,"numPassingAsserts":2,"retryReasons":[],"status":"passed","title":"should convert category with optional fields as undefined"},{"ancestorTitles":["TaskCategoryService","DTO conversion"],"duration":3,"failureDetails":[],"failureMessages":[],"fullName":"TaskCategoryService DTO conversion should convert timestamps to ISO strings","invocations":1,"location":null,"numPassingAsserts":4,"retryReasons":[],"status":"passed","title":"should convert timestamps to ISO strings"},{"ancestorTitles":["TaskCategoryService","business rules"],"duration":35,"failureDetails":[],"failureMessages":[],"fullName":"TaskCategoryService business rules should enforce unique category names","invocations":1,"location":null,"numPassingAsserts":1,"retryReasons":[],"status":"passed","title":"should enforce unique category names"},{"ancestorTitles":["TaskCategoryService","business rules"],"duration":11,"failureDetails":[],"failureMessages":[],"fullName":"TaskCategoryService business rules should prevent updating to existing name","invocations":1,"location":null,"numPassingAsserts":1,"retryReasons":[],"status":"passed","title":"should prevent updating to existing name"},{"ancestorTitles":["TaskCategoryService","business rules"],"duration":2,"failureDetails":[],"failureMessages":[],"fullName":"TaskCategoryService business rules should prevent deactivation of categories in use","invocations":1,"location":null,"numPassingAsserts":1,"retryReasons":[],"status":"passed","title":"should prevent deactivation of categories in use"},{"ancestorTitles":["TaskCategoryService","business rules"],"duration":2,"failureDetails":[],"failureMessages":[],"fullName":"TaskCategoryService business rules should prevent deletion of categories in use","invocations":1,"location":null,"numPassingAsserts":1,"retryReasons":[],"status":"passed","title":"should prevent deletion of categories in use"},{"ancestorTitles":["TaskCategoryService","error handling"],"duration":7,"failureDetails":[],"failureMessages":[],"fullName":"TaskCategoryService error handling should handle repository errors during creation","invocations":1,"location":null,"numPassingAsserts":1,"retryReasons":[],"status":"passed","title":"should handle repository errors during creation"},{"ancestorTitles":["TaskCategoryService","error handling"],"duration":4,"failureDetails":[],"failureMessages":[],"fullName":"TaskCategoryService error handling should handle repository errors during update","invocations":1,"location":null,"numPassingAsserts":1,"retryReasons":[],"status":"passed","title":"should handle repository errors during update"},{"ancestorTitles":["TaskCategoryService","error handling"],"duration":2,"failureDetails":[],"failureMessages":[],"fullName":"TaskCategoryService error handling should handle repository errors during list operations","invocations":1,"location":null,"numPassingAsserts":1,"retryReasons":[],"status":"passed","title":"should handle repository errors during list operations"}],"endTime":1767486239371,"message":"","name":"C:\\Users\\frsou\\OneDrive\\Documents\\ISEP\\2025-2026\\ARQSI\\PI\\LEI-SEM5-PI-2025-26-3DE-05\\backend-oem\\tests\\unitTests\\US4.1.14\\TaskCategoryService.test.ts","startTime":1767486237936,"status":"passed","summary":""},{"assertionResults":[{"ancestorTitles":["US 4.1.8 - VesselVisitExecutionService.recordBerthing","Valid Berthing Recording"],"duration":137,"failureDetails":[],"failureMessages":[],"fullName":"US 4.1.8 - VesselVisitExecutionService.recordBerthing Valid Berthing Recording should record berthing with valid berth time and dock","invocations":1,"location":null,"numPassingAsserts":5,"retryReasons":[],"status":"passed","title":"should record berthing with valid berth time and dock"},{"ancestorTitles":["US 4.1.8 - VesselVisitExecutionService.recordBerthing","Valid Berthing Recording"],"duration":8,"failureDetails":[],"failureMessages":[],"fullName":"US 4.1.8 - VesselVisitExecutionService.recordBerthing Valid Berthing Recording should allow berthing after port arrival","invocations":1,"location":null,"numPassingAsserts":1,"retryReasons":[],"status":"passed","title":"should allow berthing after port arrival"},{"ancestorTitles":["US 4.1.8 - VesselVisitExecutionService.recordBerthing","Valid Berthing Recording"],"duration":13,"failureDetails":[],"failureMessages":[],"fullName":"US 4.1.8 - VesselVisitExecutionService.recordBerthing Valid Berthing Recording should accept various dock ID formats","invocations":1,"location":null,"numPassingAsserts":4,"retryReasons":[],"status":"passed","title":"should accept various dock ID formats"},{"ancestorTitles":["US 4.1.8 - VesselVisitExecutionService.recordBerthing","Valid Berthing Recording"],"duration":3,"failureDetails":[],"failureMessages":[],"fullName":"US 4.1.8 - VesselVisitExecutionService.recordBerthing Valid Berthing Recording should maintain IN_PROGRESS status when recording berthing","invocations":1,"location":null,"numPassingAsserts":2,"retryReasons":[],"status":"passed","title":"should maintain IN_PROGRESS status when recording berthing"},{"ancestorTitles":["US 4.1.8 - VesselVisitExecutionService.recordBerthing","Date and Time Validations"],"duration":205,"failureDetails":[],"failureMessages":[],"fullName":"US 4.1.8 - VesselVisitExecutionService.recordBerthing Date and Time Validations should reject berth time before port arrival time","invocations":1,"location":null,"numPassingAsserts":1,"retryReasons":[],"status":"passed","title":"should reject berth time before port arrival time"},{"ancestorTitles":["US 4.1.8 - VesselVisitExecutionService.recordBerthing","Date and Time Validations"],"duration":4,"failureDetails":[],"failureMessages":[],"fullName":"US 4.1.8 - VesselVisitExecutionService.recordBerthing Date and Time Validations should accept ISO 8601 datetime format","invocations":1,"location":null,"numPassingAsserts":2,"retryReasons":[],"status":"passed","title":"should accept ISO 8601 datetime format"},{"ancestorTitles":["US 4.1.8 - VesselVisitExecutionService.recordBerthing","Date and Time Validations"],"duration":3,"failureDetails":[],"failureMessages":[],"fullName":"US 4.1.8 - VesselVisitExecutionService.recordBerthing Date and Time Validations should handle precise berth times","invocations":1,"location":null,"numPassingAsserts":1,"retryReasons":[],"status":"passed","title":"should handle precise berth times"},{"ancestorTitles":["US 4.1.8 - VesselVisitExecutionService.recordBerthing","VVE Status Validations"],"duration":17,"failureDetails":[],"failureMessages":[],"fullName":"US 4.1.8 - VesselVisitExecutionService.recordBerthing VVE Status Validations should require VVE to be IN_PROGRESS","invocations":1,"location":null,"numPassingAsserts":1,"retryReasons":[],"status":"passed","title":"should require VVE to be IN_PROGRESS"},{"ancestorTitles":["US 4.1.8 - VesselVisitExecutionService.recordBerthing","VVE Status Validations"],"duration":2,"failureDetails":[],"failureMessages":[],"fullName":"US 4.1.8 - VesselVisitExecutionService.recordBerthing VVE Status Validations should require port arrival to be recorded first","invocations":1,"location":null,"numPassingAsserts":1,"retryReasons":[],"status":"passed","title":"should require port arrival to be recorded first"},{"ancestorTitles":["US 4.1.8 - VesselVisitExecutionService.recordBerthing","Dock Assignment"],"duration":13,"failureDetails":[],"failureMessages":[],"fullName":"US 4.1.8 - VesselVisitExecutionService.recordBerthing Dock Assignment should assign dock to VVE","invocations":1,"location":null,"numPassingAsserts":1,"retryReasons":[],"status":"passed","title":"should assign dock to VVE"},{"ancestorTitles":["US 4.1.8 - VesselVisitExecutionService.recordBerthing","Dock Assignment"],"duration":4,"failureDetails":[],"failureMessages":[],"fullName":"US 4.1.8 - VesselVisitExecutionService.recordBerthing Dock Assignment should allow updating dock assignment","invocations":1,"location":null,"numPassingAsserts":1,"retryReasons":[],"status":"passed","title":"should allow updating dock assignment"},{"ancestorTitles":["US 4.1.8 - VesselVisitExecutionService.recordBerthing","Dock Assignment"],"duration":17,"failureDetails":[],"failureMessages":[],"fullName":"US 4.1.8 - VesselVisitExecutionService.recordBerthing Dock Assignment should handle various dock identifier formats","invocations":1,"location":null,"numPassingAsserts":4,"retryReasons":[],"status":"passed","title":"should handle various dock identifier formats"},{"ancestorTitles":["US 4.1.8 - VesselVisitExecutionService.recordBerthing","Repository Interactions"],"duration":4,"failureDetails":[],"failureMessages":[],"fullName":"US 4.1.8 - VesselVisitExecutionService.recordBerthing Repository Interactions should fetch VVE, update it, and persist changes","invocations":1,"location":null,"numPassingAsserts":2,"retryReasons":[],"status":"passed","title":"should fetch VVE, update it, and persist changes"},{"ancestorTitles":["US 4.1.8 - VesselVisitExecutionService.recordBerthing","Repository Interactions"],"duration":3,"failureDetails":[],"failureMessages":[],"fullName":"US 4.1.8 - VesselVisitExecutionService.recordBerthing Repository Interactions should return updated VVE as DTO","invocations":1,"location":null,"numPassingAsserts":5,"retryReasons":[],"status":"passed","title":"should return updated VVE as DTO"},{"ancestorTitles":["US 4.1.8 - VesselVisitExecutionService.recordBerthing","Error Handling"],"duration":3,"failureDetails":[],"failureMessages":[],"fullName":"US 4.1.8 - VesselVisitExecutionService.recordBerthing Error Handling should throw error when VVE not found","invocations":1,"location":null,"numPassingAsserts":1,"retryReasons":[],"status":"passed","title":"should throw error when VVE not found"},{"ancestorTitles":["US 4.1.8 - VesselVisitExecutionService.recordBerthing","Error Handling"],"duration":19,"failureDetails":[],"failureMessages":[],"fullName":"US 4.1.8 - VesselVisitExecutionService.recordBerthing Error Handling should propagate repository errors","invocations":1,"location":null,"numPassingAsserts":1,"retryReasons":[],"status":"passed","title":"should propagate repository errors"},{"ancestorTitles":["US 4.1.8 - VesselVisitExecutionService.recordBerthing","Error Handling"],"duration":4,"failureDetails":[],"failureMessages":[],"fullName":"US 4.1.8 - VesselVisitExecutionService.recordBerthing Error Handling should handle update failures","invocations":1,"location":null,"numPassingAsserts":1,"retryReasons":[],"status":"passed","title":"should handle update failures"},{"ancestorTitles":["US 4.1.8 - VesselVisitExecutionService.recordBerthing","Error Handling"],"duration":3,"failureDetails":[],"failureMessages":[],"fullName":"US 4.1.8 - VesselVisitExecutionService.recordBerthing Error Handling should handle invalid date format","invocations":1,"location":null,"numPassingAsserts":1,"retryReasons":[],"status":"passed","title":"should handle invalid date format"},{"ancestorTitles":["US 4.1.8 - VesselVisitExecutionService.recordBerthing","Audit and Logging"],"duration":2,"failureDetails":[],"failureMessages":[],"fullName":"US 4.1.8 - VesselVisitExecutionService.recordBerthing Audit and Logging should record berthing with timestamp","invocations":1,"location":null,"numPassingAsserts":2,"retryReasons":[],"status":"passed","title":"should record berthing with timestamp"},{"ancestorTitles":["US 4.1.8 - VesselVisitExecutionService.recordBerthing","Audit and Logging"],"duration":4,"failureDetails":[],"failureMessages":[],"fullName":"US 4.1.8 - VesselVisitExecutionService.recordBerthing Audit and Logging should persist dock assignment for audit trail","invocations":1,"location":null,"numPassingAsserts":1,"retryReasons":[],"status":"passed","title":"should persist dock assignment for audit trail"},{"ancestorTitles":["US 4.1.8 - VesselVisitExecutionService.recordBerthing","Integration Scenarios"],"duration":6,"failureDetails":[],"failureMessages":[],"fullName":"US 4.1.8 - VesselVisitExecutionService.recordBerthing Integration Scenarios should handle complete berthing workflow","invocations":1,"location":null,"numPassingAsserts":5,"retryReasons":[],"status":"passed","title":"should handle complete berthing workflow"},{"ancestorTitles":["US 4.1.8 - VesselVisitExecutionService.recordBerthing","Integration Scenarios"],"duration":4,"failureDetails":[],"failureMessages":[],"fullName":"US 4.1.8 - VesselVisitExecutionService.recordBerthing Integration Scenarios should handle sequential berthing updates","invocations":1,"location":null,"numPassingAsserts":2,"retryReasons":[],"status":"passed","title":"should handle sequential berthing updates"}],"endTime":1767486239461,"message":"","name":"C:\\Users\\frsou\\OneDrive\\Documents\\ISEP\\2025-2026\\ARQSI\\PI\\LEI-SEM5-PI-2025-26-3DE-05\\backend-oem\\tests\\unitTests\\US4.1.8\\VesselVisitExecutionService.recordBerthing.test.ts","startTime":1767486228807,"status":"passed","summary":""},{"assertionResults":[{"ancestorTitles":["IncidentController","createIncident"],"duration":253,"failureDetails":[],"failureMessages":[],"fullName":"IncidentController createIncident should create incident and return 201 status","invocations":1,"location":null,"numPassingAsserts":4,"retryReasons":[],"status":"passed","title":"should create incident and return 201 status"},{"ancestorTitles":["IncidentController","createIncident"],"duration":50,"failureDetails":[],"failureMessages":[],"fullName":"IncidentController createIncident should call next with error on service failure","invocations":1,"location":null,"numPassingAsserts":2,"retryReasons":[],"status":"passed","title":"should call next with error on service failure"},{"ancestorTitles":["IncidentController","getIncidentById"],"duration":4,"failureDetails":[],"failureMessages":[],"fullName":"IncidentController getIncidentById should return incident when found","invocations":1,"location":null,"numPassingAsserts":2,"retryReasons":[],"status":"passed","title":"should return incident when found"},{"ancestorTitles":["IncidentController","getIncidentById"],"duration":2,"failureDetails":[],"failureMessages":[],"fullName":"IncidentController getIncidentById should return 400 when ID is missing","invocations":1,"location":null,"numPassingAsserts":3,"retryReasons":[],"status":"passed","title":"should return 400 when ID is missing"},{"ancestorTitles":["IncidentController","getIncidentById"],"duration":17,"failureDetails":[],"failureMessages":[],"fullName":"IncidentController getIncidentById should call next with error when service fails","invocations":1,"location":null,"numPassingAsserts":1,"retryReasons":[],"status":"passed","title":"should call next with error when service fails"},{"ancestorTitles":["IncidentController","listIncidents"],"duration":8,"failureDetails":[],"failureMessages":[],"fullName":"IncidentController listIncidents should list all incidents without filters","invocations":1,"location":null,"numPassingAsserts":2,"retryReasons":[],"status":"passed","title":"should list all incidents without filters"},{"ancestorTitles":["IncidentController","listIncidents"],"duration":2,"failureDetails":[],"failureMessages":[],"fullName":"IncidentController listIncidents should filter by status","invocations":1,"location":null,"numPassingAsserts":1,"retryReasons":[],"status":"passed","title":"should filter by status"},{"ancestorTitles":["IncidentController","listIncidents"],"duration":2,"failureDetails":[],"failureMessages":[],"fullName":"IncidentController listIncidents should filter by severity","invocations":1,"location":null,"numPassingAsserts":1,"retryReasons":[],"status":"passed","title":"should filter by severity"},{"ancestorTitles":["IncidentController","listIncidents"],"duration":3,"failureDetails":[],"failureMessages":[],"fullName":"IncidentController listIncidents should filter by incident type ID","invocations":1,"location":null,"numPassingAsserts":1,"retryReasons":[],"status":"passed","title":"should filter by incident type ID"},{"ancestorTitles":["IncidentController","listIncidents"],"duration":2,"failureDetails":[],"failureMessages":[],"fullName":"IncidentController listIncidents should filter by VVE ID","invocations":1,"location":null,"numPassingAsserts":1,"retryReasons":[],"status":"passed","title":"should filter by VVE ID"},{"ancestorTitles":["IncidentController","listIncidents"],"duration":3,"failureDetails":[],"failureMessages":[],"fullName":"IncidentController listIncidents should filter by reporter","invocations":1,"location":null,"numPassingAsserts":1,"retryReasons":[],"status":"passed","title":"should filter by reporter"},{"ancestorTitles":["IncidentController","listIncidents"],"duration":1,"failureDetails":[],"failureMessages":[],"fullName":"IncidentController listIncidents should filter by date range","invocations":1,"location":null,"numPassingAsserts":1,"retryReasons":[],"status":"passed","title":"should filter by date range"},{"ancestorTitles":["IncidentController","listIncidents"],"duration":2,"failureDetails":[],"failureMessages":[],"fullName":"IncidentController listIncidents should filter by external entity","invocations":1,"location":null,"numPassingAsserts":1,"retryReasons":[],"status":"passed","title":"should filter by external entity"},{"ancestorTitles":["IncidentController","listIncidents"],"duration":1,"failureDetails":[],"failureMessages":[],"fullName":"IncidentController listIncidents should support pagination with limit and offset","invocations":1,"location":null,"numPassingAsserts":1,"retryReasons":[],"status":"passed","title":"should support pagination with limit and offset"},{"ancestorTitles":["IncidentController","listIncidents"],"duration":3,"failureDetails":[],"failureMessages":[],"fullName":"IncidentController listIncidents should combine multiple filters","invocations":1,"location":null,"numPassingAsserts":1,"retryReasons":[],"status":"passed","title":"should combine multiple filters"},{"ancestorTitles":["IncidentController","listIncidents"],"duration":2,"failureDetails":[],"failureMessages":[],"fullName":"IncidentController listIncidents should handle service errors","invocations":1,"location":null,"numPassingAsserts":1,"retryReasons":[],"status":"passed","title":"should handle service errors"},{"ancestorTitles":["IncidentController","getActiveIncidents"],"duration":8,"failureDetails":[],"failureMessages":[],"fullName":"IncidentController getActiveIncidents should return active incidents","invocations":1,"location":null,"numPassingAsserts":2,"retryReasons":[],"status":"passed","title":"should return active incidents"},{"ancestorTitles":["IncidentController","getActiveIncidents"],"duration":4,"failureDetails":[],"failureMessages":[],"fullName":"IncidentController getActiveIncidents should handle errors","invocations":1,"location":null,"numPassingAsserts":1,"retryReasons":[],"status":"passed","title":"should handle errors"},{"ancestorTitles":["IncidentController","getCriticalIncidents"],"duration":7,"failureDetails":[],"failureMessages":[],"fullName":"IncidentController getCriticalIncidents should return critical incidents","invocations":1,"location":null,"numPassingAsserts":2,"retryReasons":[],"status":"passed","title":"should return critical incidents"},{"ancestorTitles":["IncidentController","getCriticalIncidents"],"duration":4,"failureDetails":[],"failureMessages":[],"fullName":"IncidentController getCriticalIncidents should handle errors","invocations":1,"location":null,"numPassingAsserts":1,"retryReasons":[],"status":"passed","title":"should handle errors"},{"ancestorTitles":["IncidentC
[...]
g"},{"ancestorTitles":["US 4.1.6 - OperationPlanController.getResourceAllocation","Query Parameter Edge Cases"],"duration":1,"failureDetails":[],"failureMessages":[],"fullName":"US 4.1.6 - OperationPlanController.getResourceAllocation Query Parameter Edge Cases should ignore additional query parameters","invocations":1,"location":null,"numPassingAsserts":1,"retryReasons":[],"status":"passed","title":"should ignore additional query parameters"},{"ancestorTitles":["US 4.1.6 - OperationPlanController.getResourceAllocation","Query Parameter Edge Cases"],"duration":3,"failureDetails":[],"failureMessages":[],"fullName":"US 4.1.6 - OperationPlanController.getResourceAllocation Query Parameter Edge Cases should pass parameters with whitespace to service","invocations":1,"location":null,"numPassingAsserts":1,"retryReasons":[],"status":"passed","title":"should pass parameters with whitespace to service"},{"ancestorTitles":["US 4.1.6 - OperationPlanController.getResourceAllocation","Integration Scenarios"],"duration":2,"failureDetails":[],"failureMessages":[],"fullName":"US 4.1.6 - OperationPlanController.getResourceAllocation Integration Scenarios should handle complete workflow with multiple operations","invocations":1,"location":null,"numPassingAsserts":2,"retryReasons":[],"status":"passed","title":"should handle complete workflow with multiple operations"},{"ancestorTitles":["US 4.1.6 - OperationPlanController.getResourceAllocation","Integration Scenarios"],"duration":1,"failureDetails":[],"failureMessages":[],"fullName":"US 4.1.6 - OperationPlanController.getResourceAllocation Integration Scenarios should handle zero allocation result successfully","invocations":1,"location":null,"numPassingAsserts":2,"retryReasons":[],"status":"passed","title":"should handle zero allocation result successfully"}],"endTime":1767486241923,"message":"","name":"C:\\Users\\frsou\\OneDrive\\Documents\\ISEP\\2025-2026\\ARQSI\\PI\\LEI-SEM5-PI-2025-26-3DE-05\\backend-oem\\tests\\unitTests\\US4.1.6\\OperationPlanController.getResourceAllocation.test.ts","startTime":1767486241568,"status":"passed","summary":""},{"assertionResults":[{"ancestorTitles":["US 4.1.12 - IncidentTypeController","Create Incident Type"],"duration":38,"failureDetails":[],"failureMessages":[],"fullName":"US 4.1.12 - IncidentTypeController Create Incident Type should create incident type with valid data","invocations":1,"location":null,"numPassingAsserts":3,"retryReasons":[],"status":"passed","title":"should create incident type with valid data"},{"ancestorTitles":["US 4.1.12 - IncidentTypeController","Create Incident Type"],"duration":3,"failureDetails":[],"failureMessages":[],"fullName":"US 4.1.12 - IncidentTypeController Create Incident Type should handle creation errors","invocations":1,"location":null,"numPassingAsserts":2,"retryReasons":[],"status":"passed","title":"should handle creation errors"},{"ancestorTitles":["US 4.1.12 - IncidentTypeController","Get Incident Type"],"duration":11,"failureDetails":[],"failureMessages":[],"fullName":"US 4.1.12 - IncidentTypeController Get Incident Type should get incident type by ID","invocations":1,"location":null,"numPassingAsserts":2,"retryReasons":[],"status":"passed","title":"should get incident type by ID"},{"ancestorTitles":["US 4.1.12 - IncidentTypeController","Get Incident Type"],"duration":4,"failureDetails":[],"failureMessages":[],"fullName":"US 4.1.12 - IncidentTypeController Get Incident Type should get incident type by code","invocations":1,"location":null,"numPassingAsserts":2,"retryReasons":[],"status":"passed","title":"should get incident type by code"},{"ancestorTitles":["US 4.1.12 - IncidentTypeController","Get Incident Type"],"duration":5,"failureDetails":[],"failureMessages":[],"fullName":"US 4.1.12 - IncidentTypeController Get Incident Type should handle not found error","invocations":1,"location":null,"numPassingAsserts":1,"retryReasons":[],"status":"passed","title":"should handle not found error"},{"ancestorTitles":["US 4.1.12 - IncidentTypeController","List Incident Types"],"duration":2,"failureDetails":[],"failureMessages":[],"fullName":"US 4.1.12 - IncidentTypeController List Incident Types should list all incident types without filters","invocations":1,"location":null,"numPassingAsserts":2,"retryReasons":[],"status":"passed","title":"should list all incident types without filters"},{"ancestorTitles":["US 4.1.12 - IncidentTypeController","List Incident Types"],"duration":2,"failureDetails":[],"failureMessages":[],"fullName":"US 4.1.12 - IncidentTypeController List Incident Types should list active incident types only","invocations":1,"location":null,"numPassingAsserts":2,"retryReasons":[],"status":"passed","title":"should list active incident types only"},{"ancestorTitles":["US 4.1.12 - IncidentTypeController","List Incident Types"],"duration":2,"failureDetails":[],"failureMessages":[],"fullName":"US 4.1.12 - IncidentTypeController List Incident Types should list incident types by category","invocations":1,"location":null,"numPassingAsserts":2,"retryReasons":[],"status":"passed","title":"should list incident types by category"},{"ancestorTitles":["US 4.1.12 - IncidentTypeController","List Incident Types"],"duration":2,"failureDetails":[],"failureMessages":[],"fullName":"US 4.1.12 - IncidentTypeController List Incident Types should list with sorting options","invocations":1,"location":null,"numPassingAsserts":1,"retryReasons":[],"status":"passed","title":"should list with sorting options"},{"ancestorTitles":["US 4.1.12 - IncidentTypeController","List Incident Types"],"duration":2,"failureDetails":[],"failureMessages":[],"fullName":"US 4.1.12 - IncidentTypeController List Incident Types should return empty array when no incident types found","invocations":1,"location":null,"numPassingAsserts":1,"retryReasons":[],"status":"passed","title":"should return empty array when no incident types found"},{"ancestorTitles":["US 4.1.12 - IncidentTypeController","Get Root Incident Types"],"duration":10,"failureDetails":[],"failureMessages":[],"fullName":"US 4.1.12 - IncidentTypeController Get Root Incident Types should get root incident types","invocations":1,"location":null,"numPassingAsserts":2,"retryReasons":[],"status":"passed","title":"should get root incident types"},{"ancestorTitles":["US 4.1.12 - IncidentTypeController","Get Child Incident Types"],"duration":6,"failureDetails":[],"failureMessages":[],"fullName":"US 4.1.12 - IncidentTypeController Get Child Incident Types should get child incident types of a parent","invocations":1,"location":null,"numPassingAsserts":2,"retryReasons":[],"status":"passed","title":"should get child incident types of a parent"},{"ancestorTitles":["US 4.1.12 - IncidentTypeController","Get Child Incident Types"],"duration":5,"failureDetails":[],"failureMessages":[],"fullName":"US 4.1.12 - IncidentTypeController Get Child Incident Types should return empty array when parent has no children","invocations":1,"location":null,"numPassingAsserts":1,"retryReasons":[],"status":"passed","title":"should return empty array when parent has no children"},{"ancestorTitles":["US 4.1.12 - IncidentTypeController","Update Incident Type"],"duration":5,"failureDetails":[],"failureMessages":[],"fullName":"US 4.1.12 - IncidentTypeController Update Incident Type should update incident type with valid data","invocations":1,"location":null,"numPassingAsserts":2,"retryReasons":[],"status":"passed","title":"should update incident type with valid data"},{"ancestorTitles":["US 4.1.12 - IncidentTypeController","Update Incident Type"],"duration":4,"failureDetails":[],"failureMessages":[],"fullName":"US 4.1.12 - IncidentTypeController Update Incident Type should handle update validation errors","invocations":1,"location":null,"numPassingAsserts":2,"retryReasons":[],"status":"passed","title":"should handle update validation errors"},{"ancestorTitles":["US 4.1.12 - IncidentTypeController","Update Incident Type"],"duration":5,"failureDetails":[],"failureMessages":[],"fullName":"US 4.1.12 - IncidentTypeController Update Incident Type should handle circular reference errors","invocations":1,"location":null,"numPassingAsserts":1,"retryReasons":[],"status":"passed","title":"should handle circular reference errors"},{"ancestorTitles":["US 4.1.12 - IncidentTypeController","Deactivate Incident Type"],"duration":3,"failureDetails":[],"failureMessages":[],"fullName":"US 4.1.12 - IncidentTypeController Deactivate Incident Type should deactivate incident type","invocations":1,"location":null,"numPassingAsserts":2,"retryReasons":[],"status":"passed","title":"should deactivate incident type"},{"ancestorTitles":["US 4.1.12 - IncidentTypeController","Deactivate Incident Type"],"duration":4,"failureDetails":[],"failureMessages":[],"fullName":"US 4.1.12 - IncidentTypeController Deactivate Incident Type should handle error when deactivating used type","invocations":1,"location":null,"numPassingAsserts":2,"retryReasons":[],"status":"passed","title":"should handle error when deactivating used type"},{"ancestorTitles":["US 4.1.12 - IncidentTypeController","Response Structure"],"duration":5,"failureDetails":[],"failureMessages":[],"fullName":"US 4.1.12 - IncidentTypeController Response Structure should include success flag in all responses","invocations":1,"location":null,"numPassingAsserts":1,"retryReasons":[],"status":"passed","title":"should include success flag in all responses"},{"ancestorTitles":["US 4.1.12 - IncidentTypeController","Response Structure"],"duration":2,"failureDetails":[],"failureMessages":[],"fullName":"US 4.1.12 - IncidentTypeController Response Structure should include count in list responses","invocations":1,"location":null,"numPassingAsserts":1,"retryReasons":[],"status":"passed","title":"should include count in list responses"},{"ancestorTitles":["US 4.1.12 - IncidentTypeController","Error Handling"],"duration":10,"failureDetails":[],"failureMessages":[],"fullName":"US 4.1.12 - IncidentTypeController Error Handling should pass all service errors to error handler","invocations":1,"location":null,"numPassingAsserts":4,"retryReasons":[],"status":"passed","title":"should pass all service errors to error handler"}],"endTime":1767486241979,"message":"","name":"C:\\Users\\frsou\\OneDrive\\Documents\\ISEP\\2025-2026\\ARQSI\\PI\\LEI-SEM5-PI-2025-26-3DE-05\\backend-oem\\tests\\unitTests\\US4.1.12\\IncidentTypeController.test.ts","startTime":1767486241598,"status":"passed","summary":""},{"assertionResults":[{"ancestorTitles":["US 4.1.11 - VesselVisitExecutionController.recordCompletion","Valid Completion Requests"],"duration":24,"failureDetails":[],"failureMessages":[],"fullName":"US 4.1.11 - VesselVisitExecutionController.recordCompletion Valid Completion Requests should complete VVE with valid departure time","invocations":1,"location":null,"numPassingAsserts":2,"retryReasons":[],"status":"passed","title":"should complete VVE with valid departure time"},{"ancestorTitles":["US 4.1.11 - VesselVisitExecutionController.recordCompletion","Valid Completion Requests"],"duration":7,"failureDetails":[],"failureMessages":[],"fullName":"US 4.1.11 - VesselVisitExecutionController.recordCompletion Valid Completion Requests should handle various departure time formats","invocations":1,"location":null,"numPassingAsserts":3,"retryReasons":[],"status":"passed","title":"should handle various departure time formats"},{"ancestorTitles":["US 4.1.11 - VesselVisitExecutionController.recordCompletion","Valid Completion Requests"],"duration":7,"failureDetails":[],"failureMessages":[],"fullName":"US 4.1.11 - VesselVisitExecutionController.recordCompletion Valid Completion Requests should return complete VVE data after completion","invocations":1,"location":null,"numPassingAsserts":1,"retryReasons":[],"status":"passed","title":"should return complete VVE data after completion"},{"ancestorTitles":["US 4.1.11 - VesselVisitExecutionController.recordCompletion","Request Parameter Extraction"],"duration":5,"failureDetails":[],"failureMessages":[],"fullName":"US 4.1.11 - VesselVisitExecutionController.recordCompletion Request Parameter Extraction should extract VVE ID from URL parameters","invocations":1,"location":null,"numPassingAsserts":1,"retryReasons":[],"status":"passed","title":"should extract VVE ID from URL parameters"},{"ancestorTitles":["US 4.1.11 - VesselVisitExecutionController.recordCompletion","Request Parameter Extraction"],"duration":4,"failureDetails":[],"failureMessages":[],"fullName":"US 4.1.11 - VesselVisitExecutionController.recordCompletion Request Parameter Extraction should extract departure time from request body","invocations":1,"location":null,"numPassingAsserts":1,"retryReasons":[],"status":"passed","title":"should extract departure time from request body"},{"ancestorTitles":["US 4.1.11 - VesselVisitExecutionController.recordCompletion","Request Parameter Extraction"],"duration":7,"failureDetails":[],"failureMessages":[],"fullName":"US 4.1.11 - VesselVisitExecutionController.recordCompletion Request Parameter Extraction should extract user ID from JWT token","invocations":1,"location":null,"numPassingAsserts":1,"retryReasons":[],"status":"passed","title":"should extract user ID from JWT token"},{"ancestorTitles":["US 4.1.11 - VesselVisitExecutionController.recordCompletion","Request Parameter Extraction"],"duration":3,"failureDetails":[],"failureMessages":[],"fullName":"US 4.1.11 - VesselVisitExecutionController.recordCompletion Request Parameter Extraction should handle missing user ID","invocations":1,"location":null,"numPassingAsserts":1,"retryReasons":[],"status":"passed","title":"should handle missing user ID"},{"ancestorTitles":["US 4.1.11 - VesselVisitExecutionController.recordCompletion","Response Structure"],"duration":5,"failureDetails":[],"failureMessages":[],"fullName":"US 4.1.11 - VesselVisitExecutionController.recordCompletion Response Structure should include success flag in response","invocations":1,"location":null,"numPassingAsserts":1,"retryReasons":[],"status":"passed","title":"should include success flag in response"},{"ancestorTitles":["US 4.1.11 - VesselVisitExecutionController.recordCompletion","Response Structure"],"duration":5,"failureDetails":[],"failureMessages":[],"fullName":"US 4.1.11 - VesselVisitExecutionController.recordCompletion Response Structure should include success message in response","invocations":1,"location":null,"numPassingAsserts":1,"retryReasons":[],"status":"passed","title":"should include success message in response"},{"ancestorTitles":["US 4.1.11 - VesselVisitExecutionController.recordCompletion","Response Structure"],"duration":4,"failureDetails":[],"failureMessages":[],"fullName":"US 4.1.11 - VesselVisitExecutionController.recordCompletion Response Structure should wrap VVE data in data field","invocations":1,"location":null,"numPassingAsserts":1,"retryReasons":[],"status":"passed","title":"should wrap VVE data in data field"},{"ancestorTitles":["US 4.1.11 - VesselVisitExecutionController.recordCompletion","Response Structure"],"duration":4,"failureDetails":[],"failureMessages":[],"fullName":"US 4.1.11 - VesselVisitExecutionController.recordCompletion Response Structure should preserve all VVE fields from service","invocations":1,"location":null,"numPassingAsserts":1,"retryReasons":[],"status":"passed","title":"should preserve all VVE fields from service"},{"ancestorTitles":["US 4.1.11 - VesselVisitExecutionController.recordCompletion","Error Handling"],"duration":9,"failureDetails":[],"failureMessages":[],"fullName":"US 4.1.11 - VesselVisitExecutionController.recordCompletion Error Handling should pass service errors to error handler","invocations":1,"location":null,"numPassingAsserts":2,"retryReasons":[],"status":"passed","title":"should pass service errors to error handler"},{"ancestorTitles":["US 4.1.11 - VesselVisitExecutionController.recordCompletion","Error Handling"],"duration":2,"failureDetails":[],"failureMessages":[],"fullName":"US 4.1.11 - VesselVisitExecutionController.recordCompletion Error Handling should handle VVE not found error","invocations":1,"location":null,"numPassingAsserts":1,"retryReasons":[],"status":"passed","title":"should handle VVE not found error"},{"ancestorTitles":["US 4.1.11 - VesselVisitExecutionController.recordCompletion","Error Handling"],"duration":3,"failureDetails":[],"failureMessages":[],"fullName":"US 4.1.11 - VesselVisitExecutionController.recordCompletion Error Handling should handle missing unberth time error","invocations":1,"location":null,"numPassingAsserts":1,"retryReasons":[],"status":"passed","title":"should handle missing unberth time error"},{"ancestorTitles":["US 4.1.11 - VesselVisitExecutionController.recordCompletion","Error Handling"],"duration":7,"failureDetails":[],"failureMessages":[],"fullName":"US 4.1.11 - VesselVisitExecutionController.recordCompletion Error Handling should handle incomplete operations error","invocations":1,"location":null,"numPassingAsserts":1,"retryReasons":[],"status":"passed","title":"should handle incomplete operations error"},{"ancestorTitles":["US 4.1.11 - VesselVisitExecutionController.recordCompletion","Error Handling"],"duration":6,"failureDetails":[],"failureMessages":[],"fullName":"US 4.1.11 - VesselVisitExecutionController.recordCompletion Error Handling should handle invalid departure time error","invocations":1,"location":null,"numPassingAsserts":1,"retryReasons":[],"status":"passed","title":"should handle invalid departure time error"},{"ancestorTitles":["US 4.1.11 - VesselVisitExecutionController.recordCompletion","Error Handling"],"duration":3,"failureDetails":[],"failureMessages":[],"fullName":"US 4.1.11 - VesselVisitExecutionController.recordCompletion Error Handling should handle repository errors","invocations":1,"location":null,"numPassingAsserts":1,"retryReasons":[],"status":"passed","title":"should handle repository errors"},{"ancestorTitles":["US 4.1.11 - VesselVisitExecutionController.recordCompletion","Error Handling"],"duration":3,"failureDetails":[],"failureMessages":[],"fullName":"US 4.1.11 - VesselVisitExecutionController.recordCompletion Error Handling should handle unexpected errors","invocations":1,"location":null,"numPassingAsserts":1,"retryReasons":[],"status":"passed","title":"should handle unexpected errors"},{"ancestorTitles":["US 4.1.11 - VesselVisitExecutionController.recordCompletion","Request Body Edge Cases"],"duration":7,"failureDetails":[],"failureMessages":[],"fullName":"US 4.1.11 - VesselVisitExecutionController.recordCompletion Request Body Edge Cases should pass through missing departureTime to service","invocations":1,"location":null,"numPassingAsserts":2,"retryReasons":[],"status":"passed","title":"should pass through missing departureTime to service"},{"ancestorTitles":["US 4.1.11 - VesselVisitExecutionController.recordCompletion","Request Body Edge Cases"],"duration":2,"failureDetails":[],"failureMessages":[],"fullName":"US 4.1.11 - VesselVisitExecutionController.recordCompletion Request Body Edge Cases should ignore extra request body fields","invocations":1,"location":null,"numPassingAsserts":1,"retryReasons":[],"status":"passed","title":"should ignore extra request body fields"},{"ancestorTitles":["US 4.1.11 - VesselVisitExecutionController.recordCompletion","Integration Scenarios"],"duration":15,"failureDetails":[],"failureMessages":[],"fullName":"US 4.1.11 - VesselVisitExecutionController.recordCompletion Integration Scenarios should handle complete VVE completion workflow","invocations":1,"location":null,"numPassingAsserts":3,"retryReasons":[],"status":"passed","title":"should handle complete VVE completion workflow"}],"endTime":1767486242000,"message":"","name":"C:\\Users\\frsou\\OneDrive\\Documents\\ISEP\\2025-2026\\ARQSI\\PI\\LEI-SEM5-PI-2025-26-3DE-05\\backend-oem\\tests\\unitTests\\US4.1.11\\VesselVisitExecutionController.recordCompletion.test.ts","startTime":1767486241605,"status":"passed","summary":""}],"wasInterrupted":false}
